[0830/115947.148:ERROR:process_info.cc(632)] range at 0x432131e000000000, size 0x201 fully unreadable
[0830/115948.571:ERROR:process_info.cc(632)] range at 0x4321324200000000, size 0x201 fully unreadable
[0830/115948.571:ERROR:process_info.cc(632)] range at 0x0, size 0x201 fully unreadable
[0830/115947.600:ERROR:process_info.cc(632)] range at 0x3d2331e000000000, size 0x168 fully unreadable
[0830/115949.078:ERROR:process_info.cc(632)] range at 0x3d23324200000000, size 0x168 fully unreadable
[0830/115949.078:ERROR:process_info.cc(632)] range at 0x0, size 0x168 fully unreadable
[0830/115947.592:ERROR:process_info.cc(632)] range at 0xd2af31de00000000, size 0x1a0 fully unreadable
[0830/115949.078:ERROR:process_info.cc(632)] range at 0xd2af324000000000, size 0x1a0 fully unreadable
[0830/115949.079:ERROR:process_info.cc(632)] range at 0x0, size 0x1a0 fully unreadable
[0830/115947.311:ERROR:process_info.cc(632)] range at 0x9b4f320600000000, size 0x201 fully unreadable
[0830/115949.079:ERROR:process_info.cc(632)] range at 0x9b4f326800000000, size 0x201 fully unreadable
[0830/115949.079:ERROR:process_info.cc(632)] range at 0x0, size 0x201 fully unreadable
[0830/115947.449:ERROR:process_info.cc(632)] range at 0x192c8000000000, size 0x1fb fully unreadable
[0830/115949.082:ERROR:process_info.cc(632)] range at 0x192ca000000000, size 0x1fb fully unreadable
[0830/115949.082:ERROR:process_info.cc(632)] range at 0x0, size 0x1fb fully unreadable
[0830/115947.669:ERROR:process_info.cc(632)] range at 0x4cba31e200000000, size 0x193 fully unreadable
[0830/115949.083:ERROR:process_info.cc(632)] range at 0x4cba324400000000, size 0x193 fully unreadable
[0830/115949.086:ERROR:process_info.cc(632)] range at 0x0, size 0x193 fully unreadable
[0830/115947.667:ERROR:process_info.cc(632)] range at 0x2a5e31e000000000, size 0x181 fully unreadable
[0830/115949.087:ERROR:process_info.cc(632)] range at 0x2a5e324200000000, size 0x181 fully unreadable
[0830/115949.087:ERROR:process_info.cc(632)] range at 0x0, size 0x181 fully unreadable
[0830/120013.149:ERROR:process_reader_win.cc(151)] SuspendThread: Access is denied. (0x5)
[0830/120013.157:ERROR:process_reader_win.cc(151)] SuspendThread: Access is denied. (0x5)
[0830/120013.158:ERROR:process_reader_win.cc(151)] SuspendThread: Access is denied. (0x5)
[0830/120013.158:ERROR:process_reader_win.cc(151)] SuspendThread: Access is denied. (0x5)
[0830/120013.158:ERROR:process_reader_win.cc(151)] SuspendThread: Access is denied. (0x5)
[0830/120013.158:ERROR:exception_snapshot_win.cc(87)] thread ID 36216 not found in process
[0830/120013.159:WARNING:crash_report_exception_handler.cc(62)] ProcessSnapshotWin::Initialize failed
[0830/120015.562:ERROR:process_info.cc(632)] range at 0x659b2b1c00000000, size 0x148 fully unreadable
[0830/120015.564:ERROR:process_info.cc(632)] range at 0x659b2b3c00000000, size 0x148 fully unreadable
[0830/120015.565:ERROR:process_info.cc(632)] range at 0x0, size 0x148 fully unreadable
[0830/120107.695:ERROR:process_info.cc(632)] range at 0xe6732b2000000000, size 0x1b5 fully unreadable
[0830/120107.713:ERROR:process_info.cc(632)] range at 0xe6732b4000000000, size 0x1b5 fully unreadable
[0830/120107.720:ERROR:process_info.cc(632)] range at 0xa01531de00000000, size 0x1bc fully unreadable
[0830/120107.737:ERROR:process_info.cc(632)] range at 0x0, size 0x1b5 fully unreadable
[0830/120107.737:ERROR:process_info.cc(632)] range at 0xa015324000000000, size 0x1bc fully unreadable
[0830/120107.737:ERROR:process_info.cc(632)] range at 0x0, size 0x1bc fully unreadable
[0830/120109.234:ERROR:process_info.cc(632)] range at 0xf7831e400000000, size 0x1df fully unreadable
[0830/120109.235:ERROR:process_info.cc(632)] range at 0xf78324600000000, size 0x1df fully unreadable
[0830/120109.235:ERROR:process_info.cc(632)] range at 0x0, size 0x1df fully unreadable
[0830/120111.398:ERROR:process_info.cc(632)] range at 0xdb5d2b1c00000000, size 0x24e fully unreadable
[0830/120111.401:ERROR:process_info.cc(632)] range at 0xdb5d2b3c00000000, size 0x24e fully unreadable
[0830/120111.401:ERROR:process_info.cc(632)] range at 0x0, size 0x24e fully unreadable
[0830/120119.358:ERROR:process_info.cc(632)] range at 0x6f6331e200000000, size 0x1fe fully unreadable
[0830/120119.360:ERROR:process_info.cc(632)] range at 0x6f63324400000000, size 0x1fe fully unreadable
[0830/120119.360:ERROR:process_info.cc(632)] range at 0x0, size 0x1fe fully unreadable
[0830/120119.370:ERROR:process_info.cc(632)] range at 0x58a531e200000000, size 0x1a1 fully unreadable
[0830/120119.371:ERROR:process_info.cc(632)] range at 0x58a5324400000000, size 0x1a1 fully unreadable
[0830/120119.371:ERROR:process_info.cc(632)] range at 0x0, size 0x1a1 fully unreadable
[0830/120119.389:ERROR:process_info.cc(632)] range at 0xd4d31e400000000, size 0x18e fully unreadable
[0830/120119.393:ERROR:process_info.cc(632)] range at 0xd4d324600000000, size 0x18e fully unreadable
[0830/120119.394:ERROR:process_info.cc(632)] range at 0x0, size 0x18e fully unreadable
[0830/120119.688:ERROR:process_info.cc(380)] UncheckedAllocate
[0830/120119.904:ERROR:process_info.cc(632)] range at 0xe20931e400000000, size 0x1f9 fully unreadable
[0830/120119.904:ERROR:process_info.cc(632)] range at 0xe209324600000000, size 0x1f9 fully unreadable
[0830/120119.904:ERROR:process_info.cc(632)] range at 0x0, size 0x1f9 fully unreadable
[0830/120120.056:ERROR:process_info.cc(380)] UncheckedAllocate
[0830/120120.149:ERROR:process_info.cc(380)] UncheckedAllocate
[0830/120121.221:ERROR:process_info.cc(380)] UncheckedAllocate
[0830/120122.204:ERROR:process_info.cc(632)] range at 0x5a1731e000000000, size 0x1fe fully unreadable
[0830/120122.206:ERROR:process_info.cc(632)] range at 0x5a17324200000000, size 0x1fe fully unreadable
[0830/120122.207:ERROR:process_info.cc(632)] range at 0x0, size 0x1fe fully unreadable
[0830/120122.555:ERROR:process_info.cc(632)] range at 0x8df331e000000000, size 0x1d0 fully unreadable
[0830/120122.556:ERROR:process_info.cc(632)] range at 0x8df3324200000000, size 0x1d0 fully unreadable
[0830/120122.556:ERROR:process_info.cc(632)] range at 0x0, size 0x1d0 fully unreadable
[0830/120122.704:ERROR:process_info.cc(632)] range at 0x8bb731e200000000, size 0x210 fully unreadable
[0830/120122.705:ERROR:process_info.cc(632)] range at 0x8bb7324400000000, size 0x210 fully unreadable
[0830/120122.705:ERROR:process_info.cc(632)] range at 0x0, size 0x210 fully unreadable
[0830/120124.600:ERROR:process_info.cc(380)] UncheckedAllocate
[0830/120124.628:ERROR:process_info.cc(380)] UncheckedAllocate
[0830/120124.804:ERROR:process_info.cc(380)] UncheckedAllocate
[0830/120126.323:ERROR:process_info.cc(632)] range at 0x6dda31e000000000, size 0x185 fully unreadable
[0830/120126.323:ERROR:process_info.cc(632)] range at 0x6dda324200000000, size 0x185 fully unreadable
[0830/120126.323:ERROR:process_info.cc(632)] range at 0x0, size 0x185 fully unreadable
[0830/120126.347:ERROR:process_info.cc(632)] range at 0xbea4320800000000, size 0x1ff fully unreadable
[0830/120126.347:ERROR:process_info.cc(632)] range at 0xbea4326a00000000, size 0x1ff fully unreadable
[0830/120126.347:ERROR:process_info.cc(632)] range at 0x0, size 0x1ff fully unreadable
[0830/120127.285:ERROR:process_info.cc(380)] UncheckedAllocate
[0830/120128.323:ERROR:process_info.cc(632)] range at 0x396e2c8200000000, size 0x196 fully unreadable
[0830/120128.323:ERROR:process_info.cc(632)] range at 0x396e2ca200000000, size 0x196 fully unreadable
[0830/120128.323:ERROR:process_info.cc(632)] range at 0x0, size 0x196 fully unreadable
[0830/120128.364:ERROR:process_info.cc(380)] UncheckedAllocate
[0830/120129.205:ERROR:process_info.cc(632)] range at 0x4f1c2b2000000000, size 0x1c1 fully unreadable
[0830/120129.206:ERROR:process_info.cc(632)] range at 0x4f1c2b4000000000, size 0x1c1 fully unreadable
[0830/120129.206:ERROR:process_info.cc(632)] range at 0x0, size 0x1c1 fully unreadable
[0830/120134.963:ERROR:process_info.cc(632)] range at 0x790b31e000000000, size 0x1a2 fully unreadable
[0830/120134.964:ERROR:process_info.cc(632)] range at 0x790b324200000000, size 0x1a2 fully unreadable
[0830/120134.964:ERROR:process_info.cc(632)] range at 0x0, size 0x1a2 fully unreadable
[0830/120135.157:ERROR:process_info.cc(632)] range at 0x64e131e200000000, size 0x279 fully unreadable
[0830/120135.157:ERROR:process_info.cc(632)] range at 0x64e1324400000000, size 0x279 fully unreadable
[0830/120135.157:ERROR:process_info.cc(632)] range at 0x0, size 0x279 fully unreadable
[0830/120140.504:ERROR:process_info.cc(380)] UncheckedAllocate
[0830/120141.764:ERROR:process_info.cc(632)] range at 0x9eaa31e200000000, size 0x1d9 fully unreadable
[0830/120141.764:ERROR:process_info.cc(632)] range at 0x9eaa324400000000, size 0x1d9 fully unreadable
[0830/120141.764:ERROR:process_info.cc(632)] range at 0x0, size 0x1d9 fully unreadable
[0830/120144.985:ERROR:process_info.cc(632)] range at 0x1e5a31e400000000, size 0x15e fully unreadable
[0830/120144.987:ERROR:process_info.cc(632)] range at 0x1e5a324400000000, size 0x15e fully unreadable
[0830/120144.987:ERROR:process_info.cc(632)] range at 0x0, size 0x15e fully unreadable
[0830/120145.121:ERROR:process_info.cc(632)] range at 0x57fa31de00000000, size 0x247 fully unreadable
[0830/120145.122:ERROR:process_info.cc(632)] range at 0x57fa324000000000, size 0x247 fully unreadable
[0830/120145.122:ERROR:process_info.cc(632)] range at 0x0, size 0x247 fully unreadable
[0830/120145.163:ERROR:process_info.cc(632)] range at 0x78b131e000000000, size 0x212 fully unreadable
[0830/120145.164:ERROR:process_info.cc(632)] range at 0x78b1324200000000, size 0x212 fully unreadable
[0830/120145.164:ERROR:process_info.cc(632)] range at 0x0, size 0x212 fully unreadable
[0830/120145.164:ERROR:process_info.cc(632)] range at 0xbf9331de00000000, size 0x148 fully unreadable
[0830/120145.165:ERROR:process_info.cc(632)] range at 0xbf93324000000000, size 0x148 fully unreadable
[0830/120145.165:ERROR:process_info.cc(632)] range at 0x0, size 0x148 fully unreadable
[0830/120147.222:ERROR:process_info.cc(380)] UncheckedAllocate
[0830/120148.201:ERROR:process_info.cc(632)] range at 0x56cf320a00000000, size 0x1f7 fully unreadable
[0830/120148.201:ERROR:process_info.cc(632)] range at 0x56cf326c00000000, size 0x1f7 fully unreadable
[0830/120148.201:ERROR:process_info.cc(632)] range at 0x0, size 0x1f7 fully unreadable
[0830/120149.036:ERROR:process_info.cc(380)] UncheckedAllocate
[0830/120230.585:ERROR:process_info.cc(632)] range at 0xbf3431e400000000, size 0x266 fully unreadable
[0830/120230.597:ERROR:process_info.cc(632)] range at 0xbf34324600000000, size 0x266 fully unreadable
[0830/120230.597:ERROR:process_info.cc(632)] range at 0x0, size 0x266 fully unreadable
[0830/120233.267:ERROR:process_info.cc(380)] UncheckedAllocate
[0830/120239.448:ERROR:process_info.cc(632)] range at 0xee66320c00000000, size 0x26f fully unreadable
[0830/120239.448:ERROR:process_info.cc(632)] range at 0xee66326e00000000, size 0x26f fully unreadable
[0830/120239.448:ERROR:process_info.cc(632)] range at 0x0, size 0x26f fully unreadable
[0830/120240.070:ERROR:process_info.cc(632)] range at 0x172320a00000000, size 0x24a fully unreadable
[0830/120240.073:ERROR:process_info.cc(632)] range at 0x172326c00000000, size 0x24a fully unreadable
[0830/120240.073:ERROR:process_info.cc(632)] range at 0x0, size 0x24a fully unreadable
[0830/120808.652:ERROR:process_info.cc(632)] range at 0x870731de00000000, size 0x263 fully unreadable
[0830/120808.653:ERROR:process_info.cc(632)] range at 0x8707324000000000, size 0x263 fully unreadable
[0830/120808.653:ERROR:process_info.cc(632)] range at 0x0, size 0x263 fully unreadable
[0830/120808.678:ERROR:file_io_win.cc(173)] CreateFile C:\Users\maugu\AppData\Local\Temp\scoped_dir10872_3809\Crashpad\reports\b4724ba4-a969-431b-9ef4-ebca5f938373.dmp: The system cannot find the path specified. (0x3)
[0830/120808.678:ERROR:crash_report_exception_handler.cc(97)] PrepareNewCrashReport failed
[0830/120808.786:ERROR:process_info.cc(632)] range at 0x824131e000000000, size 0x178 fully unreadable
[0830/120808.787:ERROR:process_info.cc(632)] range at 0x8241324200000000, size 0x178 fully unreadable
[0830/120808.787:ERROR:process_info.cc(632)] range at 0x0, size 0x178 fully unreadable
[0830/120808.804:ERROR:file_io_win.cc(173)] CreateFile C:\Users\maugu\AppData\Local\Temp\scoped_dir12784_21383\Crashpad\reports\4943f0d6-439f-4a36-8a77-5eb262efbe51.dmp: The system cannot find the path specified. (0x3)
[0830/120808.807:ERROR:crash_report_exception_handler.cc(97)] PrepareNewCrashReport failed
[0830/120811.783:ERROR:process_info.cc(632)] range at 0x3c2531e000000000, size 0x29f fully unreadable
[0830/120811.783:ERROR:process_info.cc(632)] range at 0x3c25324200000000, size 0x29f fully unreadable
[0830/120811.783:ERROR:process_info.cc(632)] range at 0x0, size 0x29f fully unreadable
[0830/120811.817:ERROR:process_info.cc(380)] UncheckedAllocate
[0830/120852.473:ERROR:process_info.cc(632)] range at 0x8ca6320a00000000, size 0x1eb fully unreadable
[0830/120852.476:ERROR:process_info.cc(632)] range at 0x8ca6326c00000000, size 0x1eb fully unreadable
[0830/120852.476:ERROR:process_info.cc(632)] range at 0x0, size 0x1eb fully unreadable
[0830/120854.581:ERROR:process_info.cc(380)] UncheckedAllocate
[0830/121012.677:ERROR:process_info.cc(632)] range at 0x96ba31e000000000, size 0x129 fully unreadable
[0830/121012.678:ERROR:process_info.cc(632)] range at 0x96ba324200000000, size 0x129 fully unreadable
[0830/121012.678:ERROR:process_info.cc(632)] range at 0x0, size 0x129 fully unreadable
[0830/121012.744:ERROR:process_info.cc(632)] range at 0xdd31e000000000, size 0x1b2 fully unreadable
[0830/121012.745:ERROR:process_info.cc(632)] range at 0xdd324000000000, size 0x1b2 fully unreadable
[0830/121012.745:ERROR:process_info.cc(632)] range at 0x0, size 0x1b2 fully unreadable
[0830/121012.954:ERROR:file_io_win.cc(173)] CreateFile C:\Users\maugu\AppData\Local\Temp\scoped_dir13004_3402\Crashpad\reports\d9de44e3-9a42-4aa7-b469-f3c0b3befd8d.dmp: The system cannot find the path specified. (0x3)
[0830/121012.956:ERROR:crash_report_exception_handler.cc(97)] PrepareNewCrashReport failed
[0830/121315.407:ERROR:process_info.cc(632)] range at 0x111c2c8200000000, size 0x20c fully unreadable
[0830/121315.408:ERROR:process_info.cc(632)] range at 0x111c2ca200000000, size 0x20c fully unreadable
[0830/121315.408:ERROR:process_info.cc(632)] range at 0x0, size 0x20c fully unreadable
[0830/121315.990:ERROR:process_info.cc(380)] UncheckedAllocate
[0830/121520.187:ERROR:process_info.cc(632)] range at 0x501b31e200000000, size 0x2a8 fully unreadable
[0830/121520.188:ERROR:process_info.cc(632)] range at 0x501b324400000000, size 0x2a8 fully unreadable
[0830/121520.188:ERROR:process_info.cc(632)] range at 0x0, size 0x2a8 fully unreadable
[0830/121520.855:ERROR:process_info.cc(380)] UncheckedAllocate
[0830/121659.572:ERROR:process_info.cc(632)] range at 0x751b2bd000000000, size 0x1e0 fully unreadable
[0830/121659.573:ERROR:process_info.cc(632)] range at 0x751b2bf000000000, size 0x1e0 fully unreadable
[0830/121659.573:ERROR:process_info.cc(632)] range at 0x0, size 0x1e0 fully unreadable
[0830/121659.597:ERROR:process_info.cc(380)] UncheckedAllocate
[0830/121843.540:ERROR:process_info.cc(632)] range at 0x82ad2b2000000000, size 0x1e4 fully unreadable
[0830/121843.540:ERROR:process_info.cc(632)] range at 0x82ad2b4000000000, size 0x1e4 fully unreadable
[0830/121843.540:ERROR:process_info.cc(632)] range at 0x0, size 0x1e4 fully unreadable
[0830/121843.661:ERROR:process_info.cc(380)] UncheckedAllocate
[0830/122146.820:ERROR:process_info.cc(632)] range at 0x6415320800000000, size 0x156 fully unreadable
[0830/122146.821:ERROR:process_info.cc(632)] range at 0x6415326a00000000, size 0x156 fully unreadable
[0830/122146.821:ERROR:process_info.cc(632)] range at 0x0, size 0x156 fully unreadable
[0830/122146.834:ERROR:process_info.cc(632)] range at 0x7b2431e000000000, size 0x1bb fully unreadable
[0830/122146.834:ERROR:process_info.cc(632)] range at 0x7b24324200000000, size 0x1bb fully unreadable
[0830/122146.834:ERROR:process_info.cc(632)] range at 0x0, size 0x1bb fully unreadable
[0830/122146.862:ERROR:process_info.cc(380)] UncheckedAllocate
[0830/122146.862:ERROR:process_info.cc(380)] UncheckedAllocate
[0830/122146.954:ERROR:process_info.cc(632)] range at 0xac4a2b2200000000, size 0x14f fully unreadable
[0830/122146.954:ERROR:process_info.cc(632)] range at 0xac4a2b4200000000, size 0x14f fully unreadable
[0830/122146.954:ERROR:process_info.cc(632)] range at 0x0, size 0x14f fully unreadable
[0830/122151.376:ERROR:process_info.cc(632)] range at 0x2cc02bd000000000, size 0x201 fully unreadable
[0830/122151.379:ERROR:process_info.cc(632)] range at 0x2cc02bf000000000, size 0x201 fully unreadable
[0830/122151.379:ERROR:process_info.cc(632)] range at 0x0, size 0x201 fully unreadable
[0830/122151.451:ERROR:process_info.cc(380)] UncheckedAllocate
[0830/122729.608:ERROR:prune_crash_reports.cc(35)] PruneCrashReportDatabase: Failed to get pending reports
[0830/122938.509:ERROR:process_info.cc(632)] range at 0x90b72b2000000000, size 0x28d fully unreadable
[0830/122938.509:ERROR:process_info.cc(632)] range at 0x90b72b4000000000, size 0x28d fully unreadable
[0830/122938.509:ERROR:process_info.cc(632)] range at 0x0, size 0x28d fully unreadable
[0830/123102.424:ERROR:process_info.cc(632)] range at 0x37d6320800000000, size 0x14d fully unreadable
[0830/123102.425:ERROR:process_info.cc(632)] range at 0x37d6326a00000000, size 0x14d fully unreadable
[0830/123102.425:ERROR:process_info.cc(632)] range at 0x0, size 0x14d fully unreadable
[0830/123205.562:ERROR:process_info.cc(632)] range at 0x88e231e000000000, size 0x202 fully unreadable
[0830/123205.568:ERROR:process_info.cc(632)] range at 0x88e2324000000000, size 0x202 fully unreadable
[0830/123205.568:ERROR:process_info.cc(632)] range at 0x0, size 0x202 fully unreadable
[0830/123206.108:ERROR:process_info.cc(380)] UncheckedAllocate
[0830/123418.741:ERROR:process_info.cc(632)] range at 0x441a320a00000000, size 0x1c6 fully unreadable
[0830/123418.772:ERROR:process_info.cc(632)] range at 0x441a326c00000000, size 0x1c6 fully unreadable
[0830/123418.772:ERROR:process_info.cc(632)] range at 0x0, size 0x1c6 fully unreadable
[0830/123419.412:ERROR:process_info.cc(632)] range at 0x8bd12bd200000000, size 0x226 fully unreadable
[0830/123419.412:ERROR:process_info.cc(632)] range at 0x8bd12bf200000000, size 0x226 fully unreadable
[0830/123419.412:ERROR:process_info.cc(632)] range at 0x0, size 0x226 fully unreadable
[0830/123419.917:ERROR:process_info.cc(380)] UncheckedAllocate
[0830/123421.110:ERROR:process_info.cc(632)] range at 0x4ed82c8e00000000, size 0x1f5 fully unreadable
[0830/123421.110:ERROR:process_info.cc(632)] range at 0x4ed82cae00000000, size 0x1f5 fully unreadable
[0830/123421.110:ERROR:process_info.cc(632)] range at 0x0, size 0x1f5 fully unreadable
[0830/123422.520:ERROR:process_info.cc(632)] range at 0x86d72c8e00000000, size 0x20e fully unreadable
[0830/123422.520:ERROR:process_info.cc(632)] range at 0x86d72cae00000000, size 0x20e fully unreadable
[0830/123422.520:ERROR:process_info.cc(632)] range at 0x0, size 0x20e fully unreadable
[0830/123428.157:ERROR:process_info.cc(632)] range at 0x476131e000000000, size 0x240 fully unreadable
[0830/123428.158:ERROR:process_info.cc(632)] range at 0x4761324200000000, size 0x240 fully unreadable
[0830/123428.158:ERROR:process_info.cc(632)] range at 0x0, size 0x240 fully unreadable
[0830/123428.170:ERROR:process_info.cc(380)] UncheckedAllocate
[0830/123442.927:ERROR:prune_crash_reports.cc(35)] PruneCrashReportDatabase: Failed to get pending reports
[0830/123455.155:ERROR:process_info.cc(632)] range at 0xb05b2b2000000000, size 0x1e8 fully unreadable
[0830/123455.155:ERROR:process_info.cc(632)] range at 0xb05b2b4000000000, size 0x1e8 fully unreadable
[0830/123455.155:ERROR:process_info.cc(632)] range at 0x0, size 0x1e8 fully unreadable
[0830/123600.691:ERROR:process_info.cc(632)] range at 0x185c31dc00000000, size 0x207 fully unreadable
[0830/123600.693:ERROR:process_info.cc(632)] range at 0x185c323e00000000, size 0x207 fully unreadable
[0830/123600.693:ERROR:process_info.cc(632)] range at 0x0, size 0x207 fully unreadable
[0830/123601.015:ERROR:file_io_win.cc(173)] CreateFile C:\Users\maugu\AppData\Local\Temp\scoped_dir1688_27\Crashpad\reports\edcdac94-0e6b-4ff0-bcb0-428dc0b3bb32.dmp: The system cannot find the path specified. (0x3)
[0830/123601.016:ERROR:crash_report_exception_handler.cc(97)] PrepareNewCrashReport failed
[0830/123607.855:ERROR:process_info.cc(632)] range at 0x1f9a2c8800000000, size 0x231 fully unreadable
[0830/123607.856:ERROR:process_info.cc(632)] range at 0x1f9a2ca800000000, size 0x231 fully unreadable
[0830/123607.856:ERROR:process_info.cc(632)] range at 0x0, size 0x231 fully unreadable
[0830/123607.890:ERROR:process_info.cc(632)] range at 0xa6ef2c8800000000, size 0x24d fully unreadable
[0830/123607.890:ERROR:process_info.cc(632)] range at 0xa6ef2ca800000000, size 0x24d fully unreadable
[0830/123607.890:ERROR:process_info.cc(632)] range at 0x0, size 0x24d fully unreadable
[0830/123608.854:ERROR:process_info.cc(380)] UncheckedAllocate
[0830/123620.934:ERROR:process_info.cc(632)] range at 0xde0d2c8c00000000, size 0x291 fully unreadable
[0830/123620.934:ERROR:process_info.cc(632)] range at 0xde0d2cac00000000, size 0x291 fully unreadable
[0830/123620.934:ERROR:process_info.cc(632)] range at 0x0, size 0x291 fully unreadable
[0830/202144.676:ERROR:process_info.cc(632)] range at 0x302c2b1e00000000, size 0x19e fully unreadable
[0830/202144.678:ERROR:process_info.cc(632)] range at 0x302c2b3e00000000, size 0x19e fully unreadable
[0830/202144.678:ERROR:process_info.cc(632)] range at 0x0, size 0x19e fully unreadable
[0830/202436.640:ERROR:process_info.cc(632)] range at 0x26802b1c00000000, size 0x2c7 fully unreadable
[0830/202436.642:ERROR:process_info.cc(632)] range at 0x26802b3c00000000, size 0x2c7 fully unreadable
[0830/202436.642:ERROR:process_info.cc(632)] range at 0x0, size 0x2c7 fully unreadable
[0830/234639.675:ERROR:process_info.cc(632)] range at 0x4dcd325a00000000, size 0x1c2 fully unreadable
[0830/234639.677:ERROR:process_info.cc(632)] range at 0x4dcd32c200000000, size 0x1c2 fully unreadable
[0830/234639.677:ERROR:process_info.cc(632)] range at 0x0, size 0x1c2 fully unreadable
[0831/003205.737:ERROR:process_reader_win.cc(182)] ResumeThread: The parameter is incorrect. (0x57)
[0831/003205.738:ERROR:process_reader_win.cc(151)] SuspendThread: Access is denied. (0x5)
[0831/003205.738:ERROR:process_reader_win.cc(151)] SuspendThread: Access is denied. (0x5)
[0831/003205.738:ERROR:process_reader_win.cc(151)] SuspendThread: Access is denied. (0x5)
[0831/003205.738:ERROR:process_reader_win.cc(151)] SuspendThread: Access is denied. (0x5)
[0831/003205.738:ERROR:process_reader_win.cc(151)] SuspendThread: Access is denied. (0x5)
[0831/003205.739:ERROR:process_reader_win.cc(151)] SuspendThread: Access is denied. (0x5)
[0831/003205.742:ERROR:process_info.cc(632)] range at 0x698f325e00000000, size 0x24c fully unreadable
[0831/003205.742:ERROR:process_info.cc(632)] range at 0x698f32c600000000, size 0x24c fully unreadable
[0831/003205.742:ERROR:process_info.cc(632)] range at 0x0, size 0x24c fully unreadable
[0831/074332.081:ERROR:process_info.cc(632)] range at 0x558a2b2000000000, size 0x22e fully unreadable
[0831/074332.089:ERROR:process_info.cc(632)] range at 0x558a2b4000000000, size 0x22e fully unreadable
[0831/074332.090:ERROR:process_info.cc(632)] range at 0x0, size 0x22e fully unreadable
[0831/074332.161:ERROR:file_io_win.cc(173)] CreateFile C:\Users\maugu\AppData\Local\Temp\scoped_dir28116_29529\Crashpad\reports\deeabda4-1e68-4c7f-a554-976ef1160b83.dmp: The system cannot find the path specified. (0x3)
[0831/074332.162:ERROR:crash_report_exception_handler.cc(97)] PrepareNewCrashReport failed
[0831/093351.407:ERROR:process_info.cc(632)] range at 0x53e82b1a00000000, size 0x19d fully unreadable
[0831/093351.425:ERROR:process_info.cc(632)] range at 0x53e82b3a00000000, size 0x19d fully unreadable
[0831/093351.428:ERROR:process_info.cc(632)] range at 0x0, size 0x19d fully unreadable
[0831/102555.755:ERROR:process_info.cc(632)] range at 0x15bb328400000000, size 0x130 fully unreadable
[0831/102555.759:ERROR:process_info.cc(632)] range at 0x15bb32ec00000000, size 0x130 fully unreadable
[0831/102555.759:ERROR:process_info.cc(632)] range at 0x0, size 0x130 fully unreadable
[0831/102555.893:ERROR:process_info.cc(632)] range at 0x3d38325a00000000, size 0x147 fully unreadable
[0831/102555.894:ERROR:process_info.cc(632)] range at 0x3d3832c200000000, size 0x147 fully unreadable
[0831/102555.894:ERROR:process_info.cc(632)] range at 0x0, size 0x147 fully unreadable
[0831/102555.959:ERROR:process_info.cc(380)] UncheckedAllocate
[0831/102556.100:ERROR:process_info.cc(632)] range at 0x470b325800000000, size 0x1c5 fully unreadable
[0831/102556.103:ERROR:process_info.cc(632)] range at 0x470b32c000000000, size 0x1c5 fully unreadable
[0831/102556.103:ERROR:process_info.cc(632)] range at 0x0, size 0x1c5 fully unreadable
[0831/102556.559:ERROR:process_info.cc(632)] range at 0x8ea7325c00000000, size 0x246 fully unreadable
[0831/102556.560:ERROR:process_info.cc(632)] range at 0x8ea732c400000000, size 0x246 fully unreadable
[0831/102556.560:ERROR:process_info.cc(632)] range at 0x0, size 0x246 fully unreadable
[0831/102556.595:ERROR:process_info.cc(632)] range at 0x3099328200000000, size 0x1c5 fully unreadable
[0831/102556.596:ERROR:process_info.cc(632)] range at 0x309932ea00000000, size 0x1c5 fully unreadable
[0831/102556.596:ERROR:process_info.cc(632)] range at 0x0, size 0x1c5 fully unreadable
[0831/102556.690:ERROR:process_info.cc(380)] UncheckedAllocate
[0831/102556.812:ERROR:process_info.cc(632)] range at 0x1fd1328400000000, size 0x21d fully unreadable
[0831/102556.812:ERROR:process_info.cc(632)] range at 0x1fd132ec00000000, size 0x21d fully unreadable
[0831/102556.812:ERROR:process_info.cc(632)] range at 0x0, size 0x21d fully unreadable
[0831/102556.863:ERROR:process_info.cc(632)] range at 0x6181325c00000000, size 0x24d fully unreadable
[0831/102556.863:ERROR:process_info.cc(632)] range at 0x618132c400000000, size 0x24d fully unreadable
[0831/102556.863:ERROR:process_info.cc(632)] range at 0x0, size 0x24d fully unreadable
[0831/102557.750:ERROR:process_info.cc(380)] UncheckedAllocate
[0831/102557.762:ERROR:process_info.cc(380)] UncheckedAllocate
[0831/102559.085:ERROR:process_info.cc(632)] range at 0xce6c325c00000000, size 0x19c fully unreadable
[0831/102559.086:ERROR:process_info.cc(632)] range at 0xce6c32c400000000, size 0x19c fully unreadable
[0831/102559.086:ERROR:process_info.cc(632)] range at 0x0, size 0x19c fully unreadable
[0831/102559.338:ERROR:process_info.cc(632)] range at 0x75d325a00000000, size 0x17b fully unreadable
[0831/102559.339:ERROR:process_info.cc(632)] range at 0x75d32c200000000, size 0x17b fully unreadable
[0831/102559.339:ERROR:process_info.cc(632)] range at 0x0, size 0x17b fully unreadable
[0831/102601.079:ERROR:process_info.cc(380)] UncheckedAllocate
[0831/102602.505:ERROR:process_info.cc(632)] range at 0x2758325c00000000, size 0x216 fully unreadable
[0831/102602.511:ERROR:process_info.cc(632)] range at 0x275832c400000000, size 0x216 fully unreadable
[0831/102602.511:ERROR:process_info.cc(632)] range at 0x0, size 0x216 fully unreadable
[0902/045429.280:ERROR:process_info.cc(632)] range at 0x155631e400000000, size 0x1f6 fully unreadable
[0902/045429.324:ERROR:process_info.cc(632)] range at 0xf10831e000000000, size 0x25c fully unreadable
[0902/045429.421:ERROR:process_info.cc(632)] range at 0xf108324200000000, size 0x25c fully unreadable
[0902/045429.421:ERROR:process_info.cc(632)] range at 0x0, size 0x25c fully unreadable
[0902/045429.420:ERROR:process_info.cc(632)] range at 0x1556324600000000, size 0x1f6 fully unreadable
[0902/045429.422:ERROR:process_info.cc(632)] range at 0x0, size 0x1f6 fully unreadable
[0902/045443.121:ERROR:process_info.cc(632)] range at 0x5b1731de00000000, size 0x1b9 fully unreadable
[0902/045443.122:ERROR:process_info.cc(632)] range at 0x5b17324000000000, size 0x1b9 fully unreadable
[0902/045443.122:ERROR:process_info.cc(632)] range at 0x0, size 0x1b9 fully unreadable
[0902/053515.291:ERROR:process_info.cc(632)] range at 0xdf5e31e200000000, size 0x1a1 fully unreadable
[0902/053515.293:ERROR:process_info.cc(632)] range at 0xdf5e324400000000, size 0x1a1 fully unreadable
[0902/053515.293:ERROR:process_info.cc(632)] range at 0x0, size 0x1a1 fully unreadable
[0902/053515.509:ERROR:process_info.cc(380)] UncheckedAllocate
[0902/053516.406:ERROR:process_info.cc(632)] range at 0xe32e31e000000000, size 0x202 fully unreadable
[0902/053516.408:ERROR:process_info.cc(632)] range at 0xe32e324200000000, size 0x202 fully unreadable
[0902/053516.408:ERROR:process_info.cc(632)] range at 0x0, size 0x202 fully unreadable
[0902/053516.533:ERROR:process_info.cc(632)] range at 0x48131e200000000, size 0x1b2 fully unreadable
[0902/053516.534:ERROR:process_info.cc(632)] range at 0x481324400000000, size 0x1b2 fully unreadable
[0902/053516.534:ERROR:process_info.cc(632)] range at 0x0, size 0x1b2 fully unreadable
[0902/053526.568:ERROR:scoped_process_suspend.cc(31)] NtSuspendProcess: An attempt was made to access an exiting process.  (0xc000010a)
[0902/053526.614:ERROR:process_reader_win.cc(151)] SuspendThread: Access is denied. (0x5)
[0902/053526.615:ERROR:exception_snapshot_win.cc(87)] thread ID 27136 not found in process
[0902/053526.615:WARNING:crash_report_exception_handler.cc(62)] ProcessSnapshotWin::Initialize failed
[0902/055650.872:ERROR:process_info.cc(632)] range at 0xa0cf31e400000000, size 0x18e fully unreadable
[0902/055650.874:ERROR:process_info.cc(632)] range at 0xa0cf324600000000, size 0x18e fully unreadable
[0902/055650.874:ERROR:process_info.cc(632)] range at 0x0, size 0x18e fully unreadable
[0902/055651.222:ERROR:process_info.cc(380)] UncheckedAllocate
[0902/055757.299:ERROR:process_info.cc(632)] range at 0xe1f731e400000000, size 0x1bb fully unreadable
[0902/055757.300:ERROR:process_info.cc(632)] range at 0xe1f7324600000000, size 0x1bb fully unreadable
[0902/055757.300:ERROR:process_info.cc(632)] range at 0x0, size 0x1bb fully unreadable
[0902/055944.421:ERROR:process_info.cc(632)] range at 0x7c4331e000000000, size 0x144 fully unreadable
[0902/055944.423:ERROR:process_info.cc(632)] range at 0x7c43324000000000, size 0x144 fully unreadable
[0902/055944.423:ERROR:process_info.cc(632)] range at 0x0, size 0x144 fully unreadable
[0902/055944.609:ERROR:process_info.cc(380)] UncheckedAllocate
[0902/055944.986:ERROR:process_info.cc(632)] range at 0x49031de00000000, size 0x21a fully unreadable
[0902/055944.987:ERROR:process_info.cc(632)] range at 0x490324000000000, size 0x21a fully unreadable
[0902/055944.987:ERROR:process_info.cc(632)] range at 0x0, size 0x21a fully unreadable
[0902/060035.519:ERROR:process_info.cc(632)] range at 0x143131e400000000, size 0x280 fully unreadable
[0902/060035.520:ERROR:process_info.cc(632)] range at 0x1431324600000000, size 0x280 fully unreadable
[0902/060035.520:ERROR:process_info.cc(632)] range at 0x0, size 0x280 fully unreadable
[0902/060035.538:ERROR:process_info.cc(632)] range at 0x723431e200000000, size 0x27d fully unreadable
[0902/060035.539:ERROR:process_info.cc(632)] range at 0x7234324400000000, size 0x27d fully unreadable
[0902/060035.539:ERROR:process_info.cc(632)] range at 0x0, size 0x27d fully unreadable
[0902/060035.541:ERROR:process_info.cc(632)] range at 0xcd1a31e000000000, size 0x229 fully unreadable
[0902/060035.542:ERROR:process_info.cc(632)] range at 0xcd1a324000000000, size 0x229 fully unreadable
[0902/060035.542:ERROR:process_info.cc(632)] range at 0x0, size 0x229 fully unreadable
[0902/060035.786:ERROR:process_info.cc(380)] UncheckedAllocate
[0902/060035.810:ERROR:process_info.cc(380)] UncheckedAllocate
[0902/060047.040:ERROR:process_info.cc(632)] range at 0x5e2631e200000000, size 0x1c6 fully unreadable
[0902/060047.041:ERROR:process_info.cc(632)] range at 0x5e26324400000000, size 0x1c6 fully unreadable
[0902/060047.041:ERROR:process_info.cc(632)] range at 0x0, size 0x1c6 fully unreadable
[0902/060047.298:ERROR:process_info.cc(380)] UncheckedAllocate
[0902/061221.447:ERROR:process_info.cc(632)] range at 0xbca431e000000000, size 0x196 fully unreadable
[0902/061221.741:ERROR:process_info.cc(632)] range at 0xbca4324200000000, size 0x196 fully unreadable
[0902/061221.741:ERROR:process_info.cc(632)] range at 0x0, size 0x196 fully unreadable
[0902/061351.894:ERROR:process_info.cc(632)] range at 0x9b0a31e000000000, size 0x2a8 fully unreadable
[0902/061351.895:ERROR:process_info.cc(632)] range at 0x9b0a324200000000, size 0x2a8 fully unreadable
[0902/061351.895:ERROR:process_info.cc(632)] range at 0x0, size 0x2a8 fully unreadable
[0902/061351.920:ERROR:process_info.cc(380)] UncheckedAllocate
[0902/061354.246:ERROR:process_info.cc(632)] range at 0x299131e200000000, size 0x282 fully unreadable
[0902/061354.248:ERROR:process_info.cc(632)] range at 0x2991324400000000, size 0x282 fully unreadable
[0902/061354.248:ERROR:process_info.cc(632)] range at 0x0, size 0x282 fully unreadable
[0902/061403.528:ERROR:process_info.cc(632)] range at 0xcaf631de00000000, size 0x1de fully unreadable
[0902/061403.529:ERROR:process_info.cc(632)] range at 0xcaf6324000000000, size 0x1de fully unreadable
[0902/061403.529:ERROR:process_info.cc(632)] range at 0x0, size 0x1de fully unreadable
[0902/061528.154:ERROR:process_info.cc(632)] range at 0x68c231e200000000, size 0x2b0 fully unreadable
[0902/061528.155:ERROR:process_info.cc(632)] range at 0x68c2324200000000, size 0x2b0 fully unreadable
[0902/061528.155:ERROR:process_info.cc(632)] range at 0x0, size 0x2b0 fully unreadable
[0902/061528.193:ERROR:process_info.cc(380)] UncheckedAllocate
[0902/061557.125:ERROR:process_info.cc(632)] range at 0xca302b2200000000, size 0x255 fully unreadable
[0902/061557.125:ERROR:process_info.cc(632)] range at 0xca302b4200000000, size 0x255 fully unreadable
[0902/061557.126:ERROR:process_info.cc(632)] range at 0x0, size 0x255 fully unreadable
[0902/061557.303:ERROR:process_info.cc(380)] UncheckedAllocate
[0902/063342.959:ERROR:process_info.cc(632)] range at 0x4f9f31e000000000, size 0x2d6 fully unreadable
[0902/063342.960:ERROR:process_info.cc(632)] range at 0x4f9f324200000000, size 0x2d6 fully unreadable
[0902/063342.961:ERROR:process_info.cc(632)] range at 0x0, size 0x2d6 fully unreadable
[0902/063343.193:ERROR:process_info.cc(380)] UncheckedAllocate
[0902/063450.739:ERROR:process_info.cc(632)] range at 0xd22831de00000000, size 0x1cd fully unreadable
[0902/063450.740:ERROR:process_info.cc(632)] range at 0xd228323e00000000, size 0x1cd fully unreadable
[0902/063450.741:ERROR:process_info.cc(632)] range at 0x0, size 0x1cd fully unreadable
[0902/063450.962:ERROR:process_info.cc(380)] UncheckedAllocate
[0902/063703.437:ERROR:process_info.cc(632)] range at 0x385931e200000000, size 0x1f1 fully unreadable
[0902/063703.438:ERROR:process_info.cc(632)] range at 0x3859324400000000, size 0x1f1 fully unreadable
[0902/063703.438:ERROR:process_info.cc(632)] range at 0x0, size 0x1f1 fully unreadable
[0902/063703.713:ERROR:process_info.cc(380)] UncheckedAllocate
[0902/063814.531:ERROR:process_info.cc(632)] range at 0x24cb31e000000000, size 0x250 fully unreadable
[0902/063814.532:ERROR:process_info.cc(632)] range at 0x24cb324200000000, size 0x250 fully unreadable
[0902/063814.532:ERROR:process_info.cc(632)] range at 0x0, size 0x250 fully unreadable
[0902/063829.478:ERROR:process_info.cc(632)] range at 0x4d5e31dc00000000, size 0x1e6 fully unreadable
[0902/063829.479:ERROR:process_info.cc(632)] range at 0x4d5e323e00000000, size 0x1e6 fully unreadable
[0902/063829.479:ERROR:process_info.cc(632)] range at 0x0, size 0x1e6 fully unreadable
[0902/063829.513:ERROR:process_info.cc(380)] UncheckedAllocate
[0902/064128.841:ERROR:process_info.cc(632)] range at 0x380231e200000000, size 0x1ea fully unreadable
[0902/064128.841:ERROR:process_info.cc(632)] range at 0x3802324400000000, size 0x1ea fully unreadable
[0902/064128.841:ERROR:process_info.cc(632)] range at 0x0, size 0x1ea fully unreadable
[0902/064128.856:ERROR:process_info.cc(380)] UncheckedAllocate
[0902/064133.138:ERROR:process_info.cc(632)] range at 0xa1a531de00000000, size 0x1ec fully unreadable
[0902/064133.138:ERROR:process_info.cc(632)] range at 0xa1a5324000000000, size 0x1ec fully unreadable
[0902/064133.138:ERROR:process_info.cc(632)] range at 0x0, size 0x1ec fully unreadable
[0902/064133.150:ERROR:process_info.cc(380)] UncheckedAllocate
[0902/064429.715:ERROR:process_info.cc(632)] range at 0x25f231e400000000, size 0x263 fully unreadable
[0902/064429.716:ERROR:process_info.cc(632)] range at 0x25f2324600000000, size 0x263 fully unreadable
[0902/064429.716:ERROR:process_info.cc(632)] range at 0x0, size 0x263 fully unreadable
[0902/064429.749:ERROR:process_info.cc(380)] UncheckedAllocate
[0902/064550.623:ERROR:process_info.cc(632)] range at 0x503b2b2200000000, size 0x239 fully unreadable
[0902/064550.625:ERROR:process_info.cc(632)] range at 0x503b2b4200000000, size 0x239 fully unreadable
[0902/064550.625:ERROR:process_info.cc(632)] range at 0x0, size 0x239 fully unreadable
[0902/064650.563:ERROR:process_info.cc(632)] range at 0xb27f2c8600000000, size 0x1e7 fully unreadable
[0902/064650.564:ERROR:process_info.cc(632)] range at 0xb27f2ca600000000, size 0x1e7 fully unreadable
[0902/064650.564:ERROR:process_info.cc(632)] range at 0x0, size 0x1e7 fully unreadable
[0902/064650.624:ERROR:process_info.cc(380)] UncheckedAllocate
[0902/064653.039:ERROR:process_info.cc(632)] range at 0x6c0f2b2000000000, size 0x1bb fully unreadable
[0902/064653.039:ERROR:process_info.cc(632)] range at 0x6c0f2b4000000000, size 0x1bb fully unreadable
[0902/064653.040:ERROR:process_info.cc(632)] range at 0x0, size 0x1bb fully unreadable
[0902/070543.462:ERROR:process_info.cc(632)] range at 0x246d31e000000000, size 0x1e8 fully unreadable
[0902/070543.462:ERROR:process_info.cc(632)] range at 0x246d324200000000, size 0x1e8 fully unreadable
[0902/070543.462:ERROR:process_info.cc(632)] range at 0x0, size 0x1e8 fully unreadable
[0902/070715.168:ERROR:process_info.cc(632)] range at 0x7d5e31e400000000, size 0x265 fully unreadable
[0902/070715.170:ERROR:process_info.cc(632)] range at 0x7d5e324600000000, size 0x265 fully unreadable
[0902/070715.170:ERROR:process_info.cc(632)] range at 0x0, size 0x265 fully unreadable
[0902/070715.195:ERROR:process_info.cc(380)] UncheckedAllocate
[0902/070926.229:ERROR:process_info.cc(632)] range at 0x7a672b1a00000000, size 0x126 fully unreadable
[0902/070926.230:ERROR:process_info.cc(632)] range at 0x7a672b3a00000000, size 0x126 fully unreadable
[0902/070926.230:ERROR:process_info.cc(632)] range at 0x0, size 0x126 fully unreadable
[0902/070926.261:ERROR:process_info.cc(380)] UncheckedAllocate
[0902/071443.668:ERROR:process_info.cc(632)] range at 0x1e8431de00000000, size 0x2b2 fully unreadable
[0902/071443.669:ERROR:process_info.cc(632)] range at 0x1e84324000000000, size 0x2b2 fully unreadable
[0902/071443.669:ERROR:process_info.cc(632)] range at 0x0, size 0x2b2 fully unreadable
[0902/071443.836:ERROR:process_info.cc(380)] UncheckedAllocate
[0902/071624.059:ERROR:process_info.cc(632)] range at 0xeeb31e400000000, size 0x1e1 fully unreadable
[0902/071624.060:ERROR:process_info.cc(632)] range at 0xeeb324600000000, size 0x1e1 fully unreadable
[0902/071624.060:ERROR:process_info.cc(632)] range at 0x0, size 0x1e1 fully unreadable
[0902/071624.214:ERROR:process_info.cc(380)] UncheckedAllocate
[0902/071813.911:ERROR:process_info.cc(632)] range at 0x80322c8c00000000, size 0x2c1 fully unreadable
[0902/071813.912:ERROR:process_info.cc(632)] range at 0x80322cac00000000, size 0x2c1 fully unreadable
[0902/071813.912:ERROR:process_info.cc(632)] range at 0x0, size 0x2c1 fully unreadable
[0902/071814.150:ERROR:process_info.cc(380)] UncheckedAllocate
[0902/071836.083:ERROR:process_info.cc(632)] range at 0x43702c8800000000, size 0x23e fully unreadable
[0902/071836.083:ERROR:process_info.cc(632)] range at 0x43702ca800000000, size 0x23e fully unreadable
[0902/071836.083:ERROR:process_info.cc(632)] range at 0x0, size 0x23e fully unreadable
[0905/182407.481:ERROR:process_info.cc(632)] range at 0x4bdb309000000000, size 0x267 fully unreadable
[0905/182412.648:ERROR:process_info.cc(632)] range at 0x4bdb30b000000000, size 0x267 fully unreadable
[0905/182412.648:ERROR:process_info.cc(632)] range at 0x0, size 0x267 fully unreadable
[0905/182417.650:ERROR:process_reader_win.cc(242)] ReadMemory at 0x7600bfe000 of 8192 bytes failed: Only part of a ReadProcessMemory or WriteProcessMemory request was completed. (0x12B)
[0905/182417.651:ERROR:crash_report_exception_handler.cc(116)] WriteEverything failed
[0905/202744.999:ERROR:process_info.cc(632)] range at 0x5c42bce00000000, size 0x1a3 fully unreadable
[0905/202745.010:ERROR:process_info.cc(632)] range at 0x5c42bee00000000, size 0x1a3 fully unreadable
[0905/202745.010:ERROR:process_info.cc(632)] range at 0x0, size 0x1a3 fully unreadable
[0905/202745.013:ERROR:process_info.cc(632)] range at 0xc7252bd000000000, size 0x222 fully unreadable
[0905/202745.014:ERROR:process_info.cc(632)] range at 0xc7252bf000000000, size 0x222 fully unreadable
[0905/202745.014:ERROR:process_info.cc(632)] range at 0x0, size 0x222 fully unreadable
[0905/202755.654:ERROR:process_info.cc(632)] range at 0xefe42c8200000000, size 0x23a fully unreadable
[0905/202755.656:ERROR:process_info.cc(632)] range at 0xefe42ca200000000, size 0x23a fully unreadable
[0905/202755.656:ERROR:process_info.cc(632)] range at 0x0, size 0x23a fully unreadable
[0905/232541.846:ERROR:process_reader_win.cc(182)] ResumeThread: The parameter is incorrect. (0x57)
[0905/232541.849:ERROR:process_reader_win.cc(123)] NtOpenThread: An invalid Client ID was specified.  (0xc000000b)
[0905/232541.851:ERROR:process_reader_win.cc(123)] NtOpenThread: An invalid Client ID was specified.  (0xc000000b)
[0905/232541.851:ERROR:process_reader_win.cc(123)] NtOpenThread: An invalid Client ID was specified.  (0xc000000b)
[0905/232541.851:ERROR:process_reader_win.cc(123)] NtOpenThread: An invalid Client ID was specified.  (0xc000000b)
[0905/232541.851:ERROR:process_reader_win.cc(123)] NtOpenThread: An invalid Client ID was specified.  (0xc000000b)
[0905/232541.851:ERROR:process_reader_win.cc(123)] NtOpenThread: An invalid Client ID was specified.  (0xc000000b)
[0905/232541.851:ERROR:process_reader_win.cc(123)] NtOpenThread: An invalid Client ID was specified.  (0xc000000b)
[0905/232541.851:ERROR:process_reader_win.cc(242)] ReadMemory at 0x568fbfe3c0 of 16 bytes failed: Only part of a ReadProcessMemory or WriteProcessMemory request was completed. (0x12B)
[0905/232541.851:ERROR:exception_snapshot_win.cc(180)] EXCEPTION_POINTERS read failed
[0905/232541.852:WARNING:crash_report_exception_handler.cc(62)] ProcessSnapshotWin::Initialize failed
[0905/232541.853:ERROR:scoped_process_suspend.cc(39)] NtResumeProcess: An attempt was made to access an exiting process.  (0xc000010a)
[0906/190408.214:ERROR:prune_crash_reports.cc(35)] PruneCrashReportDatabase: Failed to get pending reports
[0912/031253.705:ERROR:process_info.cc(632)] range at 0x72992c2000000000, size 0x189 fully unreadable
[0912/031258.898:ERROR:process_info.cc(632)] range at 0x72992c4000000000, size 0x189 fully unreadable
[0912/031258.898:ERROR:process_info.cc(632)] range at 0x0, size 0x189 fully unreadable
[0912/031259.204:ERROR:process_info.cc(632)] range at 0x78ea2b6200000000, size 0x1bb fully unreadable
[0912/031259.205:ERROR:process_info.cc(632)] range at 0x78ea2b8200000000, size 0x1bb fully unreadable
[0912/031259.205:ERROR:process_info.cc(632)] range at 0x0, size 0x1bb fully unreadable
[0912/060624.900:ERROR:process_info.cc(632)] range at 0x2f5d2b6400000000, size 0x233 fully unreadable
[0912/060624.907:ERROR:process_info.cc(632)] range at 0x2f5d2b8400000000, size 0x233 fully unreadable
[0912/060624.907:ERROR:process_info.cc(632)] range at 0x0, size 0x233 fully unreadable
[0912/060841.485:ERROR:process_info.cc(632)] range at 0xa5d22c2e00000000, size 0x1c9 fully unreadable
[0912/060841.487:ERROR:process_info.cc(632)] range at 0xa5d22c4e00000000, size 0x1c9 fully unreadable
[0912/060841.487:ERROR:process_info.cc(632)] range at 0x0, size 0x1c9 fully unreadable
[0912/060841.898:ERROR:process_info.cc(632)] range at 0x459d2c1a00000000, size 0x1b6 fully unreadable
[0912/060841.909:ERROR:process_info.cc(632)] range at 0x459d2c3a00000000, size 0x1b6 fully unreadable
[0912/060841.909:ERROR:process_info.cc(632)] range at 0x0, size 0x1b6 fully unreadable
[0912/063515.132:ERROR:process_info.cc(632)] range at 0x17e12b6200000000, size 0x1a0 fully unreadable
[0912/063515.136:ERROR:process_info.cc(632)] range at 0x17e12b8200000000, size 0x1a0 fully unreadable
[0912/063515.136:ERROR:process_info.cc(632)] range at 0x0, size 0x1a0 fully unreadable
[0912/063515.238:ERROR:process_info.cc(632)] range at 0xae372b6400000000, size 0x1c0 fully unreadable
[0912/063515.239:ERROR:process_info.cc(632)] range at 0xae372b8400000000, size 0x1c0 fully unreadable
[0912/063515.240:ERROR:process_info.cc(632)] range at 0x0, size 0x1c0 fully unreadable
[0912/065707.467:ERROR:process_info.cc(632)] range at 0xb9a02b5c00000000, size 0x249 fully unreadable
[0912/065707.726:ERROR:process_info.cc(632)] range at 0xb9a02b7c00000000, size 0x249 fully unreadable
[0912/065707.726:ERROR:process_info.cc(632)] range at 0x0, size 0x249 fully unreadable
[0912/073030.140:ERROR:process_info.cc(632)] range at 0x8f292b6000000000, size 0x1c8 fully unreadable
[0912/073030.150:ERROR:process_info.cc(632)] range at 0x8f292b8000000000, size 0x1c8 fully unreadable
[0912/073030.151:ERROR:process_info.cc(632)] range at 0x0, size 0x1c8 fully unreadable
[0912/073051.642:ERROR:process_info.cc(632)] range at 0xd9e4318400000000, size 0x24a fully unreadable
[0912/073051.645:ERROR:process_info.cc(632)] range at 0xd9e431e600000000, size 0x24a fully unreadable
[0912/073051.645:ERROR:process_info.cc(632)] range at 0x0, size 0x24a fully unreadable
[0912/073051.730:ERROR:process_info.cc(632)] range at 0x19e6318200000000, size 0x21b fully unreadable
[0912/073051.731:ERROR:process_info.cc(632)] range at 0x19e631e400000000, size 0x21b fully unreadable
[0912/073051.731:ERROR:process_info.cc(632)] range at 0x0, size 0x21b fully unreadable
[0912/073051.752:ERROR:process_info.cc(632)] range at 0xb48b318200000000, size 0x1ff fully unreadable
[0912/073051.753:ERROR:process_info.cc(632)] range at 0xb48b31e400000000, size 0x1ff fully unreadable
[0912/073051.753:ERROR:process_info.cc(632)] range at 0x0, size 0x1ff fully unreadable
[0912/073810.968:ERROR:process_info.cc(632)] range at 0x7e672b6200000000, size 0x270 fully unreadable
[0912/073811.011:ERROR:process_info.cc(632)] range at 0x7e672b8200000000, size 0x270 fully unreadable
[0912/073811.011:ERROR:process_info.cc(632)] range at 0x0, size 0x270 fully unreadable
[0912/073811.037:ERROR:process_info.cc(632)] range at 0xb97d2b5e00000000, size 0x23e fully unreadable
[0912/073811.038:ERROR:process_info.cc(632)] range at 0xb97d2b7e00000000, size 0x23e fully unreadable
[0912/073811.038:ERROR:process_info.cc(632)] range at 0x0, size 0x23e fully unreadable
[0912/073811.146:ERROR:process_info.cc(632)] range at 0xa8dc2c1e00000000, size 0x278 fully unreadable
[0912/073811.147:ERROR:process_info.cc(632)] range at 0xa8dc2c3e00000000, size 0x278 fully unreadable
[0912/073811.147:ERROR:process_info.cc(632)] range at 0x0, size 0x278 fully unreadable
[0912/073811.170:ERROR:process_info.cc(632)] range at 0xaba62b6000000000, size 0x195 fully unreadable
[0912/073811.171:ERROR:process_info.cc(632)] range at 0xaba62b8000000000, size 0x195 fully unreadable
[0912/073811.171:ERROR:process_info.cc(632)] range at 0x0, size 0x195 fully unreadable
[0912/073812.004:ERROR:process_info.cc(632)] range at 0xed592c2200000000, size 0x26c fully unreadable
[0912/073812.017:ERROR:process_info.cc(632)] range at 0xed592c4200000000, size 0x26c fully unreadable
[0912/073812.017:ERROR:process_info.cc(632)] range at 0x0, size 0x26c fully unreadable
[0912/075013.366:ERROR:process_info.cc(632)] range at 0xd0c7318400000000, size 0x207 fully unreadable
[0912/075013.464:ERROR:process_info.cc(632)] range at 0xd0c731e600000000, size 0x207 fully unreadable
[0912/075013.464:ERROR:process_info.cc(632)] range at 0x0, size 0x207 fully unreadable
[0912/075036.798:ERROR:process_info.cc(632)] range at 0x3280318400000000, size 0x2f4 fully unreadable
[0912/075036.830:ERROR:process_info.cc(632)] range at 0x328031e600000000, size 0x2f4 fully unreadable
[0912/075036.830:ERROR:process_info.cc(632)] range at 0x0, size 0x2f4 fully unreadable
[0912/075145.017:ERROR:process_info.cc(632)] range at 0x6c272b5c00000000, size 0x181 fully unreadable
[0912/075145.023:ERROR:process_info.cc(632)] range at 0x6c272b7c00000000, size 0x181 fully unreadable
[0912/075145.023:ERROR:process_info.cc(632)] range at 0x0, size 0x181 fully unreadable
[0912/075239.780:ERROR:process_info.cc(632)] range at 0x2f162c2e00000000, size 0x219 fully unreadable
[0912/075239.805:ERROR:process_info.cc(632)] range at 0x2f162c4e00000000, size 0x219 fully unreadable
[0912/075239.812:ERROR:process_info.cc(632)] range at 0x0, size 0x219 fully unreadable
[0912/075951.528:ERROR:process_info.cc(632)] range at 0xaae82b5c00000000, size 0x213 fully unreadable
[0912/075951.535:ERROR:process_info.cc(632)] range at 0xaae82b7c00000000, size 0x213 fully unreadable
[0912/075951.535:ERROR:process_info.cc(632)] range at 0x0, size 0x213 fully unreadable
[0912/080443.144:ERROR:process_info.cc(632)] range at 0x9371316e00000000, size 0x1a7 fully unreadable
[0912/080443.147:ERROR:process_info.cc(632)] range at 0x937131d000000000, size 0x1a7 fully unreadable
[0912/080443.147:ERROR:process_info.cc(632)] range at 0x0, size 0x1a7 fully unreadable
[0912/080443.374:ERROR:process_info.cc(380)] UncheckedAllocate
[0912/081031.702:ERROR:process_info.cc(632)] range at 0x8a81317c00000000, size 0x1d6 fully unreadable
[0912/081031.703:ERROR:process_info.cc(632)] range at 0x8a8131de00000000, size 0x1d6 fully unreadable
[0912/081031.703:ERROR:process_info.cc(632)] range at 0x0, size 0x1d6 fully unreadable
[0912/081032.476:ERROR:process_info.cc(632)] range at 0x3ee317e00000000, size 0x204 fully unreadable
[0912/081032.477:ERROR:process_info.cc(632)] range at 0x3ee31e000000000, size 0x204 fully unreadable
[0912/081032.477:ERROR:process_info.cc(632)] range at 0x0, size 0x204 fully unreadable
[0912/081038.341:ERROR:process_info.cc(632)] range at 0xd15c318400000000, size 0x161 fully unreadable
[0912/081038.342:ERROR:process_info.cc(632)] range at 0xd15c31e600000000, size 0x161 fully unreadable
[0912/081038.342:ERROR:process_info.cc(632)] range at 0x0, size 0x161 fully unreadable
[0912/081038.728:ERROR:process_info.cc(632)] range at 0x57ca2a9a00000000, size 0x1cf fully unreadable
[0912/081038.729:ERROR:process_info.cc(632)] range at 0x57ca2aba00000000, size 0x1cf fully unreadable
[0912/081038.729:ERROR:process_info.cc(632)] range at 0x0, size 0x1cf fully unreadable
[0912/081039.376:ERROR:process_reader_win.cc(242)] ReadMemory at 0x1cf60c5f3d0 of 512 bytes failed: Only part of a ReadProcessMemory or WriteProcessMemory request was completed. (0x12B)
[0912/081039.376:ERROR:crash_report_exception_handler.cc(116)] WriteEverything failed
[0912/081657.244:ERROR:process_info.cc(632)] range at 0x5e4b318000000000, size 0x1a6 fully unreadable
[0912/081657.246:ERROR:process_info.cc(632)] range at 0x5e4b31e200000000, size 0x1a6 fully unreadable
[0912/081657.246:ERROR:process_info.cc(632)] range at 0x0, size 0x1a6 fully unreadable
[0912/082403.593:ERROR:process_info.cc(632)] range at 0x362e318200000000, size 0x180 fully unreadable
[0912/082403.608:ERROR:process_info.cc(632)] range at 0x362e31e400000000, size 0x180 fully unreadable
[0912/082403.608:ERROR:process_info.cc(632)] range at 0x0, size 0x180 fully unreadable
[0912/082403.954:ERROR:process_info.cc(380)] UncheckedAllocate
[0912/082404.208:ERROR:process_info.cc(632)] range at 0x42a22c1c00000000, size 0x1fd fully unreadable
[0912/082404.208:ERROR:process_info.cc(632)] range at 0x42a22c3c00000000, size 0x1fd fully unreadable
[0912/082404.208:ERROR:process_info.cc(632)] range at 0x0, size 0x1fd fully unreadable
[0912/082404.367:ERROR:process_info.cc(380)] UncheckedAllocate
[0912/082458.496:ERROR:process_info.cc(632)] range at 0x5a922c2600000000, size 0x232 fully unreadable
[0912/082458.498:ERROR:process_info.cc(632)] range at 0x5a922c4600000000, size 0x232 fully unreadable
[0912/082458.498:ERROR:process_info.cc(632)] range at 0x0, size 0x232 fully unreadable
[0915/044736.540:ERROR:process_info.cc(632)] range at 0x8ca9322000000000, size 0x1d2 fully unreadable
[0915/044736.583:ERROR:process_info.cc(632)] range at 0x8ca9328400000000, size 0x1d2 fully unreadable
[0915/044736.583:ERROR:process_info.cc(632)] range at 0x0, size 0x1d2 fully unreadable
[0915/044736.886:ERROR:process_info.cc(632)] range at 0x1096321e00000000, size 0x19e fully unreadable
[0915/044736.887:ERROR:process_info.cc(632)] range at 0x1096328200000000, size 0x19e fully unreadable
[0915/044736.888:ERROR:process_info.cc(632)] range at 0x0, size 0x19e fully unreadable
[0915/044737.457:ERROR:process_info.cc(632)] range at 0x35502cb800000000, size 0x2c6 fully unreadable
[0915/044737.458:ERROR:process_info.cc(632)] range at 0x35502cc800000000, size 0x2c6 fully unreadable
[0915/044737.458:ERROR:process_info.cc(632)] range at 0x0, size 0x2c6 fully unreadable
[0915/044739.947:ERROR:process_info.cc(632)] range at 0x69fe2cbe00000000, size 0x239 fully unreadable
[0915/044739.948:ERROR:process_info.cc(632)] range at 0x69fe2cce00000000, size 0x239 fully unreadable
[0915/044739.948:ERROR:process_info.cc(632)] range at 0x0, size 0x239 fully unreadable
[0915/044753.168:ERROR:process_info.cc(632)] range at 0xc8742cc000000000, size 0x1aa fully unreadable
[0915/044753.169:ERROR:process_info.cc(632)] range at 0xc8742cd000000000, size 0x1aa fully unreadable
[0915/044753.169:ERROR:process_info.cc(632)] range at 0x0, size 0x1aa fully unreadable
[0915/044837.664:ERROR:process_info.cc(632)] range at 0xc4d0322000000000, size 0x1de fully unreadable
[0915/044837.698:ERROR:process_info.cc(632)] range at 0xc4d0328400000000, size 0x1de fully unreadable
[0915/044837.699:ERROR:process_info.cc(632)] range at 0x0, size 0x1de fully unreadable
[0915/044838.150:ERROR:process_info.cc(632)] range at 0xf06d322000000000, size 0x213 fully unreadable
[0915/044838.155:ERROR:process_info.cc(632)] range at 0xf06d328400000000, size 0x213 fully unreadable
[0915/044838.156:ERROR:process_info.cc(632)] range at 0x0, size 0x213 fully unreadable
[0915/044838.417:ERROR:process_info.cc(632)] range at 0x28ff321c00000000, size 0x281 fully unreadable
[0915/044838.422:ERROR:process_info.cc(632)] range at 0x28ff328000000000, size 0x281 fully unreadable
[0915/044838.422:ERROR:process_info.cc(632)] range at 0x0, size 0x281 fully unreadable
[0915/054028.331:ERROR:process_info.cc(632)] range at 0xec5a2cc200000000, size 0x26e fully unreadable
[0915/054032.248:ERROR:process_info.cc(632)] range at 0xec5a2cd200000000, size 0x26e fully unreadable
[0915/054032.248:ERROR:process_info.cc(632)] range at 0x0, size 0x26e fully unreadable
[0915/055554.207:ERROR:process_info.cc(632)] range at 0xffc6322200000000, size 0x21a fully unreadable
[0915/055554.209:ERROR:process_info.cc(632)] range at 0xffc6328600000000, size 0x21a fully unreadable
[0915/055554.209:ERROR:process_info.cc(632)] range at 0x0, size 0x21a fully unreadable
[0915/055603.399:ERROR:process_info.cc(632)] range at 0x5877321e00000000, size 0x23d fully unreadable
[0915/055603.402:ERROR:process_info.cc(632)] range at 0x5877328200000000, size 0x23d fully unreadable
[0915/055603.402:ERROR:process_info.cc(632)] range at 0x0, size 0x23d fully unreadable
[0915/055603.774:ERROR:process_info.cc(632)] range at 0x3d3d322200000000, size 0x212 fully unreadable
[0915/055603.776:ERROR:process_info.cc(632)] range at 0x3d3d328600000000, size 0x212 fully unreadable
[0915/055603.776:ERROR:process_info.cc(632)] range at 0x0, size 0x212 fully unreadable
[0915/060250.058:ERROR:process_info.cc(632)] range at 0x1615322400000000, size 0x1e6 fully unreadable
[0915/060250.067:ERROR:process_info.cc(632)] range at 0x1615328800000000, size 0x1e6 fully unreadable
[0915/060250.067:ERROR:process_info.cc(632)] range at 0x0, size 0x1e6 fully unreadable
[0915/060322.268:ERROR:process_info.cc(632)] range at 0xb5f0322200000000, size 0x2bb fully unreadable
[0915/060322.273:ERROR:process_info.cc(632)] range at 0xb5f0328600000000, size 0x2bb fully unreadable
[0915/060322.273:ERROR:process_info.cc(632)] range at 0x0, size 0x2bb fully unreadable
[0915/060428.433:ERROR:process_info.cc(632)] range at 0xeb64322400000000, size 0x1b3 fully unreadable
[0915/060428.437:ERROR:process_info.cc(632)] range at 0xeb64328600000000, size 0x1b3 fully unreadable
[0915/060428.437:ERROR:process_info.cc(632)] range at 0x0, size 0x1b3 fully unreadable
[0915/060429.209:ERROR:process_info.cc(632)] range at 0xbe34321e00000000, size 0x197 fully unreadable
[0915/060429.209:ERROR:process_info.cc(632)] range at 0xbe34328200000000, size 0x197 fully unreadable
[0915/060429.209:ERROR:process_info.cc(632)] range at 0x0, size 0x197 fully unreadable
[0915/061039.296:ERROR:process_info.cc(632)] range at 0xe5a32cbe00000000, size 0x13d fully unreadable
[0915/061039.300:ERROR:process_info.cc(632)] range at 0xe5a32cce00000000, size 0x13d fully unreadable
[0915/061039.300:ERROR:process_info.cc(632)] range at 0x0, size 0x13d fully unreadable
[0915/061044.749:ERROR:process_info.cc(632)] range at 0x8dc52cce00000000, size 0x227 fully unreadable
[0915/061044.752:ERROR:process_info.cc(632)] range at 0x8dc52cde00000000, size 0x227 fully unreadable
[0915/061044.752:ERROR:process_info.cc(632)] range at 0x0, size 0x227 fully unreadable
[0915/061045.002:ERROR:process_info.cc(380)] UncheckedAllocate
[0915/061045.111:ERROR:process_info.cc(632)] range at 0x9e4e322200000000, size 0x285 fully unreadable
[0915/061045.112:ERROR:process_info.cc(632)] range at 0x9e4e328600000000, size 0x285 fully unreadable
[0915/061045.112:ERROR:process_info.cc(632)] range at 0x0, size 0x285 fully unreadable
[0915/061045.121:ERROR:process_info.cc(632)] range at 0x3ff1322000000000, size 0x200 fully unreadable
[0915/061045.122:ERROR:process_info.cc(632)] range at 0x3ff1328400000000, size 0x200 fully unreadable
[0915/061045.122:ERROR:process_info.cc(632)] range at 0x0, size 0x200 fully unreadable
[0915/061045.154:ERROR:process_info.cc(380)] UncheckedAllocate
[0915/061047.717:ERROR:process_info.cc(632)] range at 0xfb9f2cce00000000, size 0x1cd fully unreadable
[0915/061047.717:ERROR:process_info.cc(632)] range at 0xfb9f2cde00000000, size 0x1cd fully unreadable
[0915/061047.717:ERROR:process_info.cc(632)] range at 0x0, size 0x1cd fully unreadable
[0915/061047.814:ERROR:process_info.cc(632)] range at 0xb2fc2cba00000000, size 0x29f fully unreadable
[0915/061047.815:ERROR:process_info.cc(632)] range at 0xb2fc2cca00000000, size 0x29f fully unreadable
[0915/061047.815:ERROR:process_info.cc(632)] range at 0x0, size 0x29f fully unreadable
[0915/063146.965:ERROR:process_info.cc(632)] range at 0x200e2b4e00000000, size 0x19c fully unreadable
[0915/063146.966:ERROR:process_info.cc(632)] range at 0x200e2b5e00000000, size 0x19c fully unreadable
[0915/063146.966:ERROR:process_info.cc(632)] range at 0x0, size 0x19c fully unreadable
[0917/215203.209:ERROR:prune_crash_reports.cc(35)] PruneCrashReportDatabase: Failed to get pending reports
[0926/011451.101:ERROR:process_info.cc(632)] range at 0x74ad323000000000, size 0x24c fully unreadable
[0926/011451.102:ERROR:process_info.cc(632)] range at 0x74ad329200000000, size 0x24c fully unreadable
[0926/011451.102:ERROR:process_info.cc(632)] range at 0x0, size 0x24c fully unreadable
